<?xml version="1.0" encoding="UTF-8"?>
<coverage generated="1518560582677" clover="3.2.0">
  <project timestamp="1518560582677" name="All files">
    <metrics statements="27" coveredstatements="27" conditionals="8" coveredconditionals="8" methods="11" coveredmethods="11" elements="46" coveredelements="46" complexity="0" loc="27" ncloc="27" packages="1" files="1" classes="1">
      <file name="Rebcrypt.bs.js" path="/Users/ncthbrt/git/rebcrypt/src/Rebcrypt.bs.js">
        <metrics statements="27" coveredstatements="27" conditionals="8" coveredconditionals="8" methods="11" coveredmethods="11"/>
        <line num="4" count="1" type="stmt"/>
        <line num="7" count="4" type="cond" truecount="2" falsecount="0"/>
        <line num="11" count="2" type="cond" truecount="2" falsecount="0"/>
        <line num="15" count="6" type="cond" truecount="2" falsecount="0"/>
        <line num="16" count="6" type="stmt"/>
        <line num="20" count="5" type="cond" truecount="2" falsecount="0"/>
        <line num="21" count="5" type="stmt"/>
        <line num="24" count="1" type="stmt"/>
        <line num="25" count="4" type="stmt"/>
        <line num="28" count="1" type="stmt"/>
        <line num="29" count="6" type="stmt"/>
        <line num="33" count="1" type="stmt"/>
        <line num="37" count="1" type="stmt"/>
        <line num="41" count="3" type="stmt"/>
        <line num="45" count="3" type="stmt"/>
        <line num="49" count="1" type="stmt"/>
        <line num="52" count="1" type="stmt"/>
        <line num="53" count="1" type="stmt"/>
        <line num="54" count="1" type="stmt"/>
        <line num="55" count="1" type="stmt"/>
        <line num="56" count="1" type="stmt"/>
        <line num="57" count="1" type="stmt"/>
        <line num="58" count="1" type="stmt"/>
        <line num="59" count="1" type="stmt"/>
        <line num="60" count="1" type="stmt"/>
        <line num="61" count="1" type="stmt"/>
        <line num="62" count="1" type="stmt"/>
      </file>
    </metrics>
  </project>
</coverage>
