<?xml version="1.0" encoding="UTF-8"?>
<coverage generated="1518600207449" clover="3.2.0">
  <project timestamp="1518600207449" name="All files">
    <metrics statements="20" coveredstatements="20" conditionals="8" coveredconditionals="8" methods="11" coveredmethods="11" elements="39" coveredelements="39" complexity="0" loc="20" ncloc="20" packages="1" files="1" classes="1">
      <file name="Bcrypt.bs.js" path="/Users/ncthbrt/git/rebcrypt/src/Bcrypt.bs.js">
        <metrics statements="20" coveredstatements="20" conditionals="8" coveredconditionals="8" methods="11" coveredmethods="11"/>
        <line num="4" count="1" type="stmt"/>
        <line num="7" count="4" type="cond" truecount="2" falsecount="0"/>
        <line num="11" count="2" type="cond" truecount="2" falsecount="0"/>
        <line num="15" count="6" type="cond" truecount="2" falsecount="0"/>
        <line num="16" count="6" type="stmt"/>
        <line num="20" count="5" type="cond" truecount="2" falsecount="0"/>
        <line num="21" count="5" type="stmt"/>
        <line num="25" count="4" type="stmt"/>
        <line num="28" count="1" type="stmt"/>
        <line num="35" count="6" type="stmt"/>
        <line num="39" count="1" type="stmt"/>
        <line num="43" count="1" type="stmt"/>
        <line num="47" count="1" type="stmt"/>
        <line num="51" count="3" type="stmt"/>
        <line num="55" count="3" type="stmt"/>
        <line num="58" count="1" type="stmt"/>
        <line num="67" count="1" type="stmt"/>
        <line num="68" count="1" type="stmt"/>
        <line num="69" count="1" type="stmt"/>
        <line num="70" count="1" type="stmt"/>
      </file>
    </metrics>
  </project>
</coverage>
