{"/Users/ncthbrt/git/rebcrypt/src/Bcrypt.bs.js": {"path":"/Users/ncthbrt/git/rebcrypt/src/Bcrypt.bs.js","statementMap":{"0":{"start":{"line":4,"column":13},"end":{"line":4,"column":30}},"1":{"start":{"line":7,"column":2},"end":{"line":7,"column":67}},"2":{"start":{"line":11,"column":2},"end":{"line":11,"column":63}},"3":{"start":{"line":15,"column":15},"end":{"line":15,"column":52}},"4":{"start":{"line":16,"column":2},"end":{"line":16,"column":39}},"5":{"start":{"line":20,"column":15},"end":{"line":20,"column":52}},"6":{"start":{"line":21,"column":2},"end":{"line":21,"column":35}},"7":{"start":{"line":25,"column":2},"end":{"line":25,"column":14}},"8":{"start":{"line":28,"column":11},"end":{"line":32,"column":1}},"9":{"start":{"line":35,"column":2},"end":{"line":35,"column":14}},"10":{"start":{"line":39,"column":2},"end":{"line":39,"column":32}},"11":{"start":{"line":43,"column":2},"end":{"line":43,"column":39}},"12":{"start":{"line":47,"column":2},"end":{"line":47,"column":35}},"13":{"start":{"line":51,"column":2},"end":{"line":51,"column":43}},"14":{"start":{"line":55,"column":2},"end":{"line":55,"column":38}},"15":{"start":{"line":58,"column":11},"end":{"line":65,"column":1}},"16":{"start":{"line":67,"column":0},"end":{"line":67,"column":20}},"17":{"start":{"line":68,"column":0},"end":{"line":68,"column":20}},"18":{"start":{"line":69,"column":0},"end":{"line":69,"column":42}},"19":{"start":{"line":70,"column":0},"end":{"line":70,"column":34}}},"fnMap":{"0":{"name":"genSync","decl":{"start":{"line":6,"column":9},"end":{"line":6,"column":16}},"loc":{"start":{"line":6,"column":35},"end":{"line":8,"column":1}},"line":6},"1":{"name":"gen","decl":{"start":{"line":10,"column":9},"end":{"line":10,"column":12}},"loc":{"start":{"line":10,"column":31},"end":{"line":12,"column":1}},"line":10},"2":{"name":"hashAndSaltSync","decl":{"start":{"line":14,"column":9},"end":{"line":14,"column":24}},"loc":{"start":{"line":14,"column":46},"end":{"line":17,"column":1}},"line":14},"3":{"name":"hashAndSalt","decl":{"start":{"line":19,"column":9},"end":{"line":19,"column":20}},"loc":{"start":{"line":19,"column":42},"end":{"line":22,"column":1}},"line":19},"4":{"name":"Salt_000","decl":{"start":{"line":24,"column":9},"end":{"line":24,"column":17}},"loc":{"start":{"line":24,"column":24},"end":{"line":26,"column":1}},"line":24},"5":{"name":"Hash_000","decl":{"start":{"line":34,"column":9},"end":{"line":34,"column":17}},"loc":{"start":{"line":34,"column":24},"end":{"line":36,"column":1}},"line":34},"6":{"name":"Hash_001","decl":{"start":{"line":38,"column":9},"end":{"line":38,"column":17}},"loc":{"start":{"line":38,"column":24},"end":{"line":40,"column":1}},"line":38},"7":{"name":"Hash_002","decl":{"start":{"line":42,"column":9},"end":{"line":42,"column":17}},"loc":{"start":{"line":42,"column":32},"end":{"line":44,"column":1}},"line":42},"8":{"name":"Hash_003","decl":{"start":{"line":46,"column":9},"end":{"line":46,"column":17}},"loc":{"start":{"line":46,"column":32},"end":{"line":48,"column":1}},"line":46},"9":{"name":"Hash_004","decl":{"start":{"line":50,"column":9},"end":{"line":50,"column":17}},"loc":{"start":{"line":50,"column":32},"end":{"line":52,"column":1}},"line":50},"10":{"name":"Hash_005","decl":{"start":{"line":54,"column":9},"end":{"line":54,"column":17}},"loc":{"start":{"line":54,"column":32},"end":{"line":56,"column":1}},"line":54}},"branchMap":{"0":{"loc":{"start":{"line":7,"column":28},"end":{"line":7,"column":65}},"type":"cond-expr","locations":[{"start":{"line":7,"column":44},"end":{"line":7,"column":60}},{"start":{"line":7,"column":63},"end":{"line":7,"column":65}}],"line":7},"1":{"loc":{"start":{"line":11,"column":24},"end":{"line":11,"column":61}},"type":"cond-expr","locations":[{"start":{"line":11,"column":40},"end":{"line":11,"column":56}},{"start":{"line":11,"column":59},"end":{"line":11,"column":61}}],"line":11},"2":{"loc":{"start":{"line":15,"column":15},"end":{"line":15,"column":52}},"type":"cond-expr","locations":[{"start":{"line":15,"column":31},"end":{"line":15,"column":47}},{"start":{"line":15,"column":50},"end":{"line":15,"column":52}}],"line":15},"3":{"loc":{"start":{"line":20,"column":15},"end":{"line":20,"column":52}},"type":"cond-expr","locations":[{"start":{"line":20,"column":31},"end":{"line":20,"column":47}},{"start":{"line":20,"column":50},"end":{"line":20,"column":52}}],"line":20}},"s":{"0":1,"1":4,"2":2,"3":6,"4":6,"5":5,"6":5,"7":4,"8":1,"9":6,"10":1,"11":1,"12":1,"13":3,"14":3,"15":1,"16":1,"17":1,"18":1,"19":1},"f":{"0":4,"1":2,"2":6,"3":5,"4":4,"5":6,"6":1,"7":1,"8":1,"9":3,"10":3},"b":{"0":[1,3],"1":[1,1],"2":[3,3],"3":[2,3]},"_coverageSchema":"332fd63041d2c1bcb487cc26dd0d5f7d97098a6c","hash":"af95049ca87f6b1732e053e5fe5ec62feee88a5d"}
}
