TN:
SF:/Users/ncthbrt/git/rebcrypt/src/Bcrypt.bs.js
FN:6,genSync
FN:10,gen
FN:14,hashAndSaltSync
FN:19,hashAndSalt
FN:24,Salt_000
FN:34,Hash_000
FN:38,Hash_001
FN:42,Hash_002
FN:46,Hash_003
FN:50,Hash_004
FN:54,Hash_005
FNF:11
FNH:11
FNDA:4,genSync
FNDA:2,gen
FNDA:6,hashAndSaltSync
FNDA:5,hashAndSalt
FNDA:4,Salt_000
FNDA:6,Hash_000
FNDA:1,Hash_001
FNDA:1,Hash_002
FNDA:1,Hash_003
FNDA:3,Hash_004
FNDA:3,Hash_005
DA:4,1
DA:7,4
DA:11,2
DA:15,6
DA:16,6
DA:20,5
DA:21,5
DA:25,4
DA:28,1
DA:35,6
DA:39,1
DA:43,1
DA:47,1
DA:51,3
DA:55,3
DA:58,1
DA:67,1
DA:68,1
DA:69,1
DA:70,1
LF:20
LH:20
BRDA:7,0,0,1
BRDA:7,0,1,3
BRDA:11,1,0,1
BRDA:11,1,1,1
BRDA:15,2,0,3
BRDA:15,2,1,3
BRDA:20,3,0,2
BRDA:20,3,1,3
BRF:8
BRH:8
end_of_record
