TN:
SF:/Users/ncthbrt/git/rebcrypt/src/Rebcrypt.bs.js
FN:6,genSaltSync
FN:10,genSalt
FN:14,hashAndSaltSync
FN:19,hashAndSalt
FN:24,(anonymous_4)
FN:28,(anonymous_5)
FN:32,hashSync
FN:36,hash
FN:40,compareSync
FN:44,compare
FN:48,getRounds
FNF:11
FNH:11
FNDA:4,genSaltSync
FNDA:2,genSalt
FNDA:6,hashAndSaltSync
FNDA:5,hashAndSalt
FNDA:4,(anonymous_4)
FNDA:6,(anonymous_5)
FNDA:1,hashSync
FNDA:1,hash
FNDA:3,compareSync
FNDA:3,compare
FNDA:1,getRounds
DA:4,1
DA:7,4
DA:11,2
DA:15,6
DA:16,6
DA:20,5
DA:21,5
DA:24,1
DA:25,4
DA:28,1
DA:29,6
DA:33,1
DA:37,1
DA:41,3
DA:45,3
DA:49,1
DA:52,1
DA:53,1
DA:54,1
DA:55,1
DA:56,1
DA:57,1
DA:58,1
DA:59,1
DA:60,1
DA:61,1
DA:62,1
LF:27
LH:27
BRDA:7,0,0,1
BRDA:7,0,1,3
BRDA:11,1,0,1
BRDA:11,1,1,1
BRDA:15,2,0,3
BRDA:15,2,1,3
BRDA:20,3,0,2
BRDA:20,3,1,3
BRF:8
BRH:8
end_of_record
